[2025-11-11T16:16:38.538+0000] {processor.py:161} INFO - Started process (PID=52100) to work on /home/seanthakur/airflow/dags/dag_pubmed_pipeline.py
[2025-11-11T16:16:38.539+0000] {processor.py:830} INFO - Processing file /home/seanthakur/airflow/dags/dag_pubmed_pipeline.py for tasks to queue
[2025-11-11T16:16:38.541+0000] {logging_mixin.py:188} INFO - [2025-11-11T16:16:38.541+0000] {dagbag.py:545} INFO - Filling up the DagBag from /home/seanthakur/airflow/dags/dag_pubmed_pipeline.py
[2025-11-11T16:16:38.554+0000] {processor.py:840} INFO - DAG(s) 'pubmed_pipeline_dag' retrieved from /home/seanthakur/airflow/dags/dag_pubmed_pipeline.py
[2025-11-11T16:16:38.717+0000] {logging_mixin.py:188} INFO - [2025-11-11T16:16:38.716+0000] {override.py:1829} INFO - Created Permission View: can delete on DAG:pubmed_pipeline_dag
[2025-11-11T16:16:38.747+0000] {logging_mixin.py:188} INFO - [2025-11-11T16:16:38.747+0000] {override.py:1829} INFO - Created Permission View: can edit on DAG:pubmed_pipeline_dag
[2025-11-11T16:16:38.769+0000] {logging_mixin.py:188} INFO - [2025-11-11T16:16:38.769+0000] {override.py:1829} INFO - Created Permission View: can read on DAG:pubmed_pipeline_dag
[2025-11-11T16:16:38.770+0000] {logging_mixin.py:188} INFO - [2025-11-11T16:16:38.769+0000] {dag.py:3096} INFO - Sync 1 DAGs
[2025-11-11T16:16:38.784+0000] {logging_mixin.py:188} INFO - [2025-11-11T16:16:38.783+0000] {dag.py:3118} INFO - Creating ORM DAG for pubmed_pipeline_dag
[2025-11-11T16:16:38.784+0000] {logging_mixin.py:188} INFO - [2025-11-11T16:16:38.784+0000] {dag.py:3954} INFO - Setting next_dagrun for pubmed_pipeline_dag to None, run_after=None
[2025-11-11T16:16:38.821+0000] {processor.py:183} INFO - Processing /home/seanthakur/airflow/dags/dag_pubmed_pipeline.py took 0.289 seconds
[2025-11-11T16:17:45.583+0000] {processor.py:161} INFO - Started process (PID=52155) to work on /home/seanthakur/airflow/dags/dag_pubmed_pipeline.py
[2025-11-11T16:17:45.585+0000] {processor.py:830} INFO - Processing file /home/seanthakur/airflow/dags/dag_pubmed_pipeline.py for tasks to queue
[2025-11-11T16:17:45.587+0000] {logging_mixin.py:188} INFO - [2025-11-11T16:17:45.587+0000] {dagbag.py:545} INFO - Filling up the DagBag from /home/seanthakur/airflow/dags/dag_pubmed_pipeline.py
[2025-11-11T16:17:45.594+0000] {processor.py:840} INFO - DAG(s) 'pubmed_pipeline_dag' retrieved from /home/seanthakur/airflow/dags/dag_pubmed_pipeline.py
[2025-11-11T16:17:45.620+0000] {logging_mixin.py:188} INFO - [2025-11-11T16:17:45.620+0000] {dag.py:3096} INFO - Sync 1 DAGs
[2025-11-11T16:17:45.638+0000] {logging_mixin.py:188} INFO - [2025-11-11T16:17:45.638+0000] {dag.py:3954} INFO - Setting next_dagrun for pubmed_pipeline_dag to None, run_after=None
[2025-11-11T16:17:45.677+0000] {processor.py:183} INFO - Processing /home/seanthakur/airflow/dags/dag_pubmed_pipeline.py took 0.101 seconds
[2025-11-11T16:18:16.388+0000] {processor.py:161} INFO - Started process (PID=52250) to work on /home/seanthakur/airflow/dags/dag_pubmed_pipeline.py
[2025-11-11T16:18:16.389+0000] {processor.py:830} INFO - Processing file /home/seanthakur/airflow/dags/dag_pubmed_pipeline.py for tasks to queue
[2025-11-11T16:18:16.391+0000] {logging_mixin.py:188} INFO - [2025-11-11T16:18:16.390+0000] {dagbag.py:545} INFO - Filling up the DagBag from /home/seanthakur/airflow/dags/dag_pubmed_pipeline.py
[2025-11-11T16:18:16.397+0000] {processor.py:840} INFO - DAG(s) 'pubmed_pipeline_dag' retrieved from /home/seanthakur/airflow/dags/dag_pubmed_pipeline.py
[2025-11-11T16:18:16.418+0000] {logging_mixin.py:188} INFO - [2025-11-11T16:18:16.418+0000] {dag.py:3096} INFO - Sync 1 DAGs
[2025-11-11T16:18:16.432+0000] {logging_mixin.py:188} INFO - [2025-11-11T16:18:16.432+0000] {dag.py:3954} INFO - Setting next_dagrun for pubmed_pipeline_dag to None, run_after=None
[2025-11-11T16:18:16.475+0000] {processor.py:183} INFO - Processing /home/seanthakur/airflow/dags/dag_pubmed_pipeline.py took 0.094 seconds
[2025-11-11T16:19:08.846+0000] {processor.py:161} INFO - Started process (PID=52310) to work on /home/seanthakur/airflow/dags/dag_pubmed_pipeline.py
[2025-11-11T16:19:08.848+0000] {processor.py:830} INFO - Processing file /home/seanthakur/airflow/dags/dag_pubmed_pipeline.py for tasks to queue
[2025-11-11T16:19:08.850+0000] {logging_mixin.py:188} INFO - [2025-11-11T16:19:08.850+0000] {dagbag.py:545} INFO - Filling up the DagBag from /home/seanthakur/airflow/dags/dag_pubmed_pipeline.py
[2025-11-11T16:19:08.865+0000] {processor.py:840} INFO - DAG(s) 'pubmed_pipeline_dag' retrieved from /home/seanthakur/airflow/dags/dag_pubmed_pipeline.py
[2025-11-11T16:19:08.894+0000] {logging_mixin.py:188} INFO - [2025-11-11T16:19:08.893+0000] {dag.py:3096} INFO - Sync 1 DAGs
[2025-11-11T16:19:08.909+0000] {logging_mixin.py:188} INFO - [2025-11-11T16:19:08.908+0000] {dag.py:3954} INFO - Setting next_dagrun for pubmed_pipeline_dag to None, run_after=None
[2025-11-11T16:19:08.949+0000] {processor.py:183} INFO - Processing /home/seanthakur/airflow/dags/dag_pubmed_pipeline.py took 0.115 seconds
[2025-11-11T16:20:03.161+0000] {processor.py:161} INFO - Started process (PID=52367) to work on /home/seanthakur/airflow/dags/dag_pubmed_pipeline.py
[2025-11-11T16:20:03.163+0000] {processor.py:830} INFO - Processing file /home/seanthakur/airflow/dags/dag_pubmed_pipeline.py for tasks to queue
[2025-11-11T16:20:03.165+0000] {logging_mixin.py:188} INFO - [2025-11-11T16:20:03.165+0000] {dagbag.py:545} INFO - Filling up the DagBag from /home/seanthakur/airflow/dags/dag_pubmed_pipeline.py
[2025-11-11T16:20:03.175+0000] {processor.py:840} INFO - DAG(s) 'pubmed_pipeline_dag' retrieved from /home/seanthakur/airflow/dags/dag_pubmed_pipeline.py
[2025-11-11T16:20:03.198+0000] {logging_mixin.py:188} INFO - [2025-11-11T16:20:03.198+0000] {dag.py:3096} INFO - Sync 1 DAGs
[2025-11-11T16:20:03.213+0000] {logging_mixin.py:188} INFO - [2025-11-11T16:20:03.213+0000] {dag.py:3954} INFO - Setting next_dagrun for pubmed_pipeline_dag to None, run_after=None
[2025-11-11T16:20:03.258+0000] {processor.py:183} INFO - Processing /home/seanthakur/airflow/dags/dag_pubmed_pipeline.py took 0.105 seconds
[2025-11-11T16:20:49.116+0000] {processor.py:161} INFO - Started process (PID=52419) to work on /home/seanthakur/airflow/dags/dag_pubmed_pipeline.py
[2025-11-11T16:20:49.118+0000] {processor.py:830} INFO - Processing file /home/seanthakur/airflow/dags/dag_pubmed_pipeline.py for tasks to queue
[2025-11-11T16:20:49.121+0000] {logging_mixin.py:188} INFO - [2025-11-11T16:20:49.120+0000] {dagbag.py:545} INFO - Filling up the DagBag from /home/seanthakur/airflow/dags/dag_pubmed_pipeline.py
[2025-11-11T16:20:49.128+0000] {processor.py:840} INFO - DAG(s) 'pubmed_pipeline_dag' retrieved from /home/seanthakur/airflow/dags/dag_pubmed_pipeline.py
[2025-11-11T16:20:49.154+0000] {logging_mixin.py:188} INFO - [2025-11-11T16:20:49.154+0000] {dag.py:3096} INFO - Sync 1 DAGs
[2025-11-11T16:20:49.174+0000] {logging_mixin.py:188} INFO - [2025-11-11T16:20:49.174+0000] {dag.py:3954} INFO - Setting next_dagrun for pubmed_pipeline_dag to None, run_after=None
[2025-11-11T16:20:49.213+0000] {processor.py:183} INFO - Processing /home/seanthakur/airflow/dags/dag_pubmed_pipeline.py took 0.104 seconds
